C:\USERS\佳强\DOCUMENTS\VISUAL STUDIO 2012\PROJECTS\LEETCODE\REVERSE_NODES_IN_K-GROUP\DEBUG\REVERSE_NODES_IN_K-GROUP.OBJ
C:\USERS\佳强\DOCUMENTS\VISUAL STUDIO 2012\PROJECTS\LEETCODE\REVERSE_NODES_IN_K-GROUP\DEBUG\VC110.PDB
C:\USERS\佳强\DOCUMENTS\VISUAL STUDIO 2012\PROJECTS\LEETCODE\DEBUG\REVERSE_NODES_IN_K-GROUP.ILK
C:\USERS\佳强\DOCUMENTS\VISUAL STUDIO 2012\PROJECTS\LEETCODE\DEBUG\REVERSE_NODES_IN_K-GROUP.EXE
C:\USERS\佳强\DOCUMENTS\VISUAL STUDIO 2012\PROJECTS\LEETCODE\DEBUG\REVERSE_NODES_IN_K-GROUP.PDB
C:\Users\佳强\documents\visual studio 2012\Projects\LeetCode\Reverse_Nodes_in_k-Group\Debug\Reverse_Nodes_in_k-Group.obj
C:\Users\佳强\documents\visual studio 2012\Projects\LeetCode\Reverse_Nodes_in_k-Group\Debug\cl.command.1.tlog
C:\Users\佳强\documents\visual studio 2012\Projects\LeetCode\Reverse_Nodes_in_k-Group\Debug\CL.read.1.tlog
C:\Users\佳强\documents\visual studio 2012\Projects\LeetCode\Reverse_Nodes_in_k-Group\Debug\CL.write.1.tlog
C:\Users\佳强\documents\visual studio 2012\Projects\LeetCode\Reverse_Nodes_in_k-Group\Debug\link-cvtres.read.1.tlog
C:\Users\佳强\documents\visual studio 2012\Projects\LeetCode\Reverse_Nodes_in_k-Group\Debug\link-cvtres.write.1.tlog
C:\Users\佳强\documents\visual studio 2012\Projects\LeetCode\Reverse_Nodes_in_k-Group\Debug\link-rc.read.1.tlog
C:\Users\佳强\documents\visual studio 2012\Projects\LeetCode\Reverse_Nodes_in_k-Group\Debug\link-rc.write.1.tlog
C:\Users\佳强\documents\visual studio 2012\Projects\LeetCode\Reverse_Nodes_in_k-Group\Debug\link.command.1.tlog
C:\Users\佳强\documents\visual studio 2012\Projects\LeetCode\Reverse_Nodes_in_k-Group\Debug\link.read.1.tlog
C:\Users\佳强\documents\visual studio 2012\Projects\LeetCode\Reverse_Nodes_in_k-Group\Debug\link.write.1.tlog
C:\Users\佳强\documents\visual studio 2012\Projects\LeetCode\Reverse_Nodes_in_k-Group\Debug\vc110.idb
C:\Users\佳强\documents\visual studio 2012\Projects\LeetCode\Reverse_Nodes_in_k-Group\Debug\vc110.pdb
C:\Users\佳强\documents\visual studio 2012\Projects\LeetCode\Debug\Reverse_Nodes_in_k-Group.pdb
C:\Users\佳强\documents\visual studio 2012\Projects\LeetCode\Debug\Reverse_Nodes_in_k-Group.exe
C:\Users\佳强\documents\visual studio 2012\Projects\LeetCode\Debug\Reverse_Nodes_in_k-Group.ilk
