C:\USERS\佳强\DOCUMENTS\VISUAL STUDIO 2012\PROJECTS\LEETCODE\MERGE_SORTED_ARRAY\DEBUG\MERGE_SORTED_ARRAY.OBJ
C:\USERS\佳强\DOCUMENTS\VISUAL STUDIO 2012\PROJECTS\LEETCODE\MERGE_SORTED_ARRAY\DEBUG\VC110.PDB
C:\USERS\佳强\DOCUMENTS\VISUAL STUDIO 2012\PROJECTS\LEETCODE\DEBUG\MERGE_SORTED_ARRAY.ILK
C:\USERS\佳强\DOCUMENTS\VISUAL STUDIO 2012\PROJECTS\LEETCODE\DEBUG\MERGE_SORTED_ARRAY.EXE
C:\USERS\佳强\DOCUMENTS\VISUAL STUDIO 2012\PROJECTS\LEETCODE\DEBUG\MERGE_SORTED_ARRAY.PDB
C:\Users\佳强\documents\visual studio 2012\Projects\LeetCode\Merge_Sorted_Array\Debug\Merge_Sorted_Array.obj
C:\Users\佳强\documents\visual studio 2012\Projects\LeetCode\Merge_Sorted_Array\Debug\cl.command.1.tlog
C:\Users\佳强\documents\visual studio 2012\Projects\LeetCode\Merge_Sorted_Array\Debug\CL.read.1.tlog
C:\Users\佳强\documents\visual studio 2012\Projects\LeetCode\Merge_Sorted_Array\Debug\CL.write.1.tlog
C:\Users\佳强\documents\visual studio 2012\Projects\LeetCode\Merge_Sorted_Array\Debug\link-cvtres.read.1.tlog
C:\Users\佳强\documents\visual studio 2012\Projects\LeetCode\Merge_Sorted_Array\Debug\link-cvtres.write.1.tlog
C:\Users\佳强\documents\visual studio 2012\Projects\LeetCode\Merge_Sorted_Array\Debug\link-rc.read.1.tlog
C:\Users\佳强\documents\visual studio 2012\Projects\LeetCode\Merge_Sorted_Array\Debug\link-rc.write.1.tlog
C:\Users\佳强\documents\visual studio 2012\Projects\LeetCode\Merge_Sorted_Array\Debug\link.command.1.tlog
C:\Users\佳强\documents\visual studio 2012\Projects\LeetCode\Merge_Sorted_Array\Debug\link.read.1.tlog
C:\Users\佳强\documents\visual studio 2012\Projects\LeetCode\Merge_Sorted_Array\Debug\link.write.1.tlog
C:\Users\佳强\documents\visual studio 2012\Projects\LeetCode\Merge_Sorted_Array\Debug\vc110.idb
C:\Users\佳强\documents\visual studio 2012\Projects\LeetCode\Merge_Sorted_Array\Debug\vc110.pdb
C:\Users\佳强\documents\visual studio 2012\Projects\LeetCode\Debug\Merge_Sorted_Array.pdb
C:\Users\佳强\documents\visual studio 2012\Projects\LeetCode\Debug\Merge_Sorted_Array.exe
C:\Users\佳强\documents\visual studio 2012\Projects\LeetCode\Debug\Merge_Sorted_Array.ilk
