C:\USERS\佳强\DOCUMENTS\VISUAL STUDIO 2012\PROJECTS\LEETCODE\ZIGZAG_CONVERSION\DEBUG\ZIGZAG_CONVERSION.OBJ
C:\USERS\佳强\DOCUMENTS\VISUAL STUDIO 2012\PROJECTS\LEETCODE\ZIGZAG_CONVERSION\DEBUG\VC110.PDB
C:\USERS\佳强\DOCUMENTS\VISUAL STUDIO 2012\PROJECTS\LEETCODE\DEBUG\ZIGZAG_CONVERSION.ILK
C:\USERS\佳强\DOCUMENTS\VISUAL STUDIO 2012\PROJECTS\LEETCODE\DEBUG\ZIGZAG_CONVERSION.EXE
C:\USERS\佳强\DOCUMENTS\VISUAL STUDIO 2012\PROJECTS\LEETCODE\DEBUG\ZIGZAG_CONVERSION.PDB
C:\Users\佳强\documents\visual studio 2012\Projects\LeetCode\ZigZag_Conversion\Debug\ZigZag_Conversion.obj
C:\Users\佳强\documents\visual studio 2012\Projects\LeetCode\ZigZag_Conversion\Debug\cl.command.1.tlog
C:\Users\佳强\documents\visual studio 2012\Projects\LeetCode\ZigZag_Conversion\Debug\CL.read.1.tlog
C:\Users\佳强\documents\visual studio 2012\Projects\LeetCode\ZigZag_Conversion\Debug\CL.write.1.tlog
C:\Users\佳强\documents\visual studio 2012\Projects\LeetCode\ZigZag_Conversion\Debug\link-cvtres.read.1.tlog
C:\Users\佳强\documents\visual studio 2012\Projects\LeetCode\ZigZag_Conversion\Debug\link-cvtres.write.1.tlog
C:\Users\佳强\documents\visual studio 2012\Projects\LeetCode\ZigZag_Conversion\Debug\link-rc.read.1.tlog
C:\Users\佳强\documents\visual studio 2012\Projects\LeetCode\ZigZag_Conversion\Debug\link-rc.write.1.tlog
C:\Users\佳强\documents\visual studio 2012\Projects\LeetCode\ZigZag_Conversion\Debug\link.command.1.tlog
C:\Users\佳强\documents\visual studio 2012\Projects\LeetCode\ZigZag_Conversion\Debug\link.read.1.tlog
C:\Users\佳强\documents\visual studio 2012\Projects\LeetCode\ZigZag_Conversion\Debug\link.write.1.tlog
C:\Users\佳强\documents\visual studio 2012\Projects\LeetCode\ZigZag_Conversion\Debug\vc110.idb
C:\Users\佳强\documents\visual studio 2012\Projects\LeetCode\ZigZag_Conversion\Debug\vc110.pdb
C:\Users\佳强\documents\visual studio 2012\Projects\LeetCode\Debug\ZigZag_Conversion.pdb
C:\Users\佳强\documents\visual studio 2012\Projects\LeetCode\Debug\ZigZag_Conversion.exe
C:\Users\佳强\documents\visual studio 2012\Projects\LeetCode\Debug\ZigZag_Conversion.ilk
