C:\USERS\佳强\DOCUMENTS\VISUAL STUDIO 2012\PROJECTS\LEETCODE\COMPARE_VERSION_NUMBERS\DEBUG\COMPARE_VERSION_NUMBERS.OBJ
C:\USERS\佳强\DOCUMENTS\VISUAL STUDIO 2012\PROJECTS\LEETCODE\COMPARE_VERSION_NUMBERS\DEBUG\VC110.PDB
C:\USERS\佳强\DOCUMENTS\VISUAL STUDIO 2012\PROJECTS\LEETCODE\DEBUG\COMPARE_VERSION_NUMBERS+.ILK
C:\USERS\佳强\DOCUMENTS\VISUAL STUDIO 2012\PROJECTS\LEETCODE\DEBUG\COMPARE_VERSION_NUMBERS+.EXE
C:\USERS\佳强\DOCUMENTS\VISUAL STUDIO 2012\PROJECTS\LEETCODE\DEBUG\COMPARE_VERSION_NUMBERS+.PDB
C:\Users\佳强\documents\visual studio 2012\Projects\LeetCode\Compare_Version_Numbers\Debug\Compare_Version_Numbers.obj
C:\Users\佳强\documents\visual studio 2012\Projects\LeetCode\Compare_Version_Numbers\Debug\cl.command.1.tlog
C:\Users\佳强\documents\visual studio 2012\Projects\LeetCode\Compare_Version_Numbers\Debug\CL.read.1.tlog
C:\Users\佳强\documents\visual studio 2012\Projects\LeetCode\Compare_Version_Numbers\Debug\CL.write.1.tlog
C:\Users\佳强\documents\visual studio 2012\Projects\LeetCode\Compare_Version_Numbers\Debug\link-cvtres.read.1.tlog
C:\Users\佳强\documents\visual studio 2012\Projects\LeetCode\Compare_Version_Numbers\Debug\link-cvtres.write.1.tlog
C:\Users\佳强\documents\visual studio 2012\Projects\LeetCode\Compare_Version_Numbers\Debug\link-rc.read.1.tlog
C:\Users\佳强\documents\visual studio 2012\Projects\LeetCode\Compare_Version_Numbers\Debug\link-rc.write.1.tlog
C:\Users\佳强\documents\visual studio 2012\Projects\LeetCode\Compare_Version_Numbers\Debug\link.1116-cvtres.read.1.tlog
C:\Users\佳强\documents\visual studio 2012\Projects\LeetCode\Compare_Version_Numbers\Debug\link.1116-cvtres.write.1.tlog
C:\Users\佳强\documents\visual studio 2012\Projects\LeetCode\Compare_Version_Numbers\Debug\link.1116-rc.read.1.tlog
C:\Users\佳强\documents\visual studio 2012\Projects\LeetCode\Compare_Version_Numbers\Debug\link.1116-rc.write.1.tlog
C:\Users\佳强\documents\visual studio 2012\Projects\LeetCode\Compare_Version_Numbers\Debug\link.1116.read.1.tlog
C:\Users\佳强\documents\visual studio 2012\Projects\LeetCode\Compare_Version_Numbers\Debug\link.1116.write.1.tlog
C:\Users\佳强\documents\visual studio 2012\Projects\LeetCode\Compare_Version_Numbers\Debug\link.command.1.tlog
C:\Users\佳强\documents\visual studio 2012\Projects\LeetCode\Compare_Version_Numbers\Debug\link.read.1.tlog
C:\Users\佳强\documents\visual studio 2012\Projects\LeetCode\Compare_Version_Numbers\Debug\link.write.1.tlog
C:\Users\佳强\documents\visual studio 2012\Projects\LeetCode\Compare_Version_Numbers\Debug\vc110.idb
C:\Users\佳强\documents\visual studio 2012\Projects\LeetCode\Compare_Version_Numbers\Debug\vc110.pdb
C:\Users\佳强\documents\visual studio 2012\Projects\LeetCode\Debug\Compare_Version_Numbers+.pdb
C:\Users\佳强\documents\visual studio 2012\Projects\LeetCode\Debug\Compare_Version_Numbers+.exe
C:\Users\佳强\documents\visual studio 2012\Projects\LeetCode\Debug\Compare_Version_Numbers+.ilk
