C:\USERS\佳强\DOCUMENTS\VISUAL STUDIO 2012\PROJECTS\LEETCODE\ROMAN_TO_INTEGER\DEBUG\ROMAN_TO_INTEGER.OBJ
C:\USERS\佳强\DOCUMENTS\VISUAL STUDIO 2012\PROJECTS\LEETCODE\ROMAN_TO_INTEGER\DEBUG\VC110.PDB
C:\USERS\佳强\DOCUMENTS\VISUAL STUDIO 2012\PROJECTS\LEETCODE\DEBUG\ROMAN_TO_INTEGER.ILK
C:\USERS\佳强\DOCUMENTS\VISUAL STUDIO 2012\PROJECTS\LEETCODE\DEBUG\ROMAN_TO_INTEGER.EXE
C:\USERS\佳强\DOCUMENTS\VISUAL STUDIO 2012\PROJECTS\LEETCODE\DEBUG\ROMAN_TO_INTEGER.PDB
C:\Users\佳强\Documents\Visual Studio 2012\Projects\LeetCode\Roman_to_integer\Debug\Roman_to_integer.obj
C:\Users\佳强\Documents\Visual Studio 2012\Projects\LeetCode\Roman_to_integer\Debug\cl.command.1.tlog
C:\Users\佳强\Documents\Visual Studio 2012\Projects\LeetCode\Roman_to_integer\Debug\CL.read.1.tlog
C:\Users\佳强\Documents\Visual Studio 2012\Projects\LeetCode\Roman_to_integer\Debug\CL.write.1.tlog
C:\Users\佳强\Documents\Visual Studio 2012\Projects\LeetCode\Roman_to_integer\Debug\link-cvtres.read.1.tlog
C:\Users\佳强\Documents\Visual Studio 2012\Projects\LeetCode\Roman_to_integer\Debug\link-cvtres.write.1.tlog
C:\Users\佳强\Documents\Visual Studio 2012\Projects\LeetCode\Roman_to_integer\Debug\link-rc.read.1.tlog
C:\Users\佳强\Documents\Visual Studio 2012\Projects\LeetCode\Roman_to_integer\Debug\link-rc.write.1.tlog
C:\Users\佳强\Documents\Visual Studio 2012\Projects\LeetCode\Roman_to_integer\Debug\link.command.1.tlog
C:\Users\佳强\Documents\Visual Studio 2012\Projects\LeetCode\Roman_to_integer\Debug\link.read.1.tlog
C:\Users\佳强\Documents\Visual Studio 2012\Projects\LeetCode\Roman_to_integer\Debug\link.write.1.tlog
C:\Users\佳强\Documents\Visual Studio 2012\Projects\LeetCode\Roman_to_integer\Debug\vc110.idb
C:\Users\佳强\Documents\Visual Studio 2012\Projects\LeetCode\Roman_to_integer\Debug\vc110.pdb
C:\Users\佳强\Documents\Visual Studio 2012\Projects\LeetCode\Debug\Roman_to_integer.pdb
C:\Users\佳强\Documents\Visual Studio 2012\Projects\LeetCode\Debug\Roman_to_integer.exe
C:\Users\佳强\Documents\Visual Studio 2012\Projects\LeetCode\Debug\Roman_to_integer.ilk
