Build started 6/29/2015 9:21:35 PM.
     1>Project "C:\Users\佳强\documents\visual studio 2012\Projects\LeetCode\Longest_Common_Prefix\Longest_Common_Prefix.vcxproj" on node 2 (Build target(s)).
     1>ClCompile:
         D:\Program Files (x86)\Microsoft Visual Studio 11.0\VC\bin\CL.exe /c /ZI /nologo /W3 /WX- /sdl /Od /Oy- /D _MBCS /Gm /EHsc /RTC1 /MDd /GS /fp:precise /Zc:wchar_t /Zc:forScope /Fo"Debug\\" /Fd"Debug\vc110.pdb" /Gd /TP /analyze- /errorReport:prompt Longest_Common_Prefix.cpp
         Longest_Common_Prefix.cpp
     1>c:\users\佳强\documents\visual studio 2012\projects\leetcode\longest_common_prefix\longest_common_prefix.cpp(23): error C2084: function 'std::string longestCommonPrefix(std::vector<_Ty> &)' already has a body
                 with
                 [
                     _Ty=std::string
                 ]
                 c:\users\佳强\documents\visual studio 2012\projects\leetcode\longest_common_prefix\longest_common_prefix.cpp(10) : see previous definition of 'longestCommonPrefix'
     1>c:\users\佳强\documents\visual studio 2012\projects\leetcode\longest_common_prefix\longest_common_prefix.cpp(40): error C3861: 'longestCommonPrefix': identifier not found
     1>c:\users\佳强\documents\visual studio 2012\projects\leetcode\longest_common_prefix\longest_common_prefix.cpp(40): error C2440: 'initializing' : cannot convert from 'std::string (__cdecl *)(std::vector<_Ty> &)' to 'std::basic_string<_Elem,_Traits,_Alloc>'
                 with
                 [
                     _Ty=std::string
                 ]
                 and
                 [
                     _Elem=char,
                     _Traits=std::char_traits<char>,
                     _Alloc=std::allocator<char>
                 ]
                 No constructor could take the source type, or constructor overload resolution was ambiguous
     1>Done Building Project "C:\Users\佳强\documents\visual studio 2012\Projects\LeetCode\Longest_Common_Prefix\Longest_Common_Prefix.vcxproj" (Build target(s)) -- FAILED.

Build FAILED.

Time Elapsed 00:00:04.61
